<?xml version="1.0" encoding="UTF-8"?>
<testsuite xmlns:xsi="http://www.w3.org/2001/XMLSchema-instance" xsi:noNamespaceSchemaLocation="https://maven.apache.org/surefire/maven-surefire-plugin/xsd/surefire-test-report.xsd" name="it.unipd.dstack.butterfly.consumer.utils.EmailValidatorTest" time="0.013" tests="1" errors="0" skipped="0" failures="0">
  <properties>
    <property name="awt.toolkit" value="sun.awt.X11.XToolkit"/>
    <property name="java.specification.version" value="11"/>
    <property name="sun.cpu.isalist" value=""/>
    <property name="sun.jnu.encoding" value="UTF-8"/>
    <property name="java.class.path" value="/butterfly/consumer/target/test-classes:/butterfly/consumer/target/classes:/butterfly/config/target/config-1.0-SNAPSHOT.jar:/butterfly/avro-schemas/target/avro-schemas-1.0-SNAPSHOT.jar:/butterfly/producer/target/producer-1.0-SNAPSHOT.jar:/root/.m2/repository/com/sparkjava/spark-core/2.7.2/spark-core-2.7.2.jar:/root/.m2/repository/org/eclipse/jetty/jetty-server/9.4.8.v20171121/jetty-server-9.4.8.v20171121.jar:/root/.m2/repository/javax/servlet/javax.servlet-api/3.1.0/javax.servlet-api-3.1.0.jar:/root/.m2/repository/org/eclipse/jetty/jetty-http/9.4.8.v20171121/jetty-http-9.4.8.v20171121.jar:/root/.m2/repository/org/eclipse/jetty/jetty-util/9.4.8.v20171121/jetty-util-9.4.8.v20171121.jar:/root/.m2/repository/org/eclipse/jetty/jetty-io/9.4.8.v20171121/jetty-io-9.4.8.v20171121.jar:/root/.m2/repository/org/eclipse/jetty/jetty-webapp/9.4.8.v20171121/jetty-webapp-9.4.8.v20171121.jar:/root/.m2/repository/org/eclipse/jetty/jetty-xml/9.4.8.v20171121/jetty-xml-9.4.8.v20171121.jar:/root/.m2/repository/org/eclipse/jetty/jetty-servlet/9.4.8.v20171121/jetty-servlet-9.4.8.v20171121.jar:/root/.m2/repository/org/eclipse/jetty/jetty-security/9.4.8.v20171121/jetty-security-9.4.8.v20171121.jar:/root/.m2/repository/org/eclipse/jetty/websocket/websocket-server/9.4.8.v20171121/websocket-server-9.4.8.v20171121.jar:/root/.m2/repository/org/eclipse/jetty/websocket/websocket-common/9.4.8.v20171121/websocket-common-9.4.8.v20171121.jar:/root/.m2/repository/org/eclipse/jetty/websocket/websocket-client/9.4.8.v20171121/websocket-client-9.4.8.v20171121.jar:/root/.m2/repository/org/eclipse/jetty/jetty-client/9.4.8.v20171121/jetty-client-9.4.8.v20171121.jar:/root/.m2/repository/org/eclipse/jetty/websocket/websocket-servlet/9.4.8.v20171121/websocket-servlet-9.4.8.v20171121.jar:/root/.m2/repository/org/eclipse/jetty/websocket/websocket-api/9.4.8.v20171121/websocket-api-9.4.8.v20171121.jar:/butterfly/controller/target/controller-1.0-SNAPSHOT.jar:/root/.m2/repository/org/slf4j/slf4j-api/1.7.25/slf4j-api-1.7.25.jar:/root/.m2/repository/org/slf4j/slf4j-jdk14/1.7.25/slf4j-jdk14-1.7.25.jar:/root/.m2/repository/org/apache/kafka/kafka-clients/2.1.0/kafka-clients-2.1.0.jar:/root/.m2/repository/com/github/luben/zstd-jni/1.3.5-4/zstd-jni-1.3.5-4.jar:/root/.m2/repository/org/lz4/lz4-java/1.5.0/lz4-java-1.5.0.jar:/root/.m2/repository/org/xerial/snappy/snappy-java/1.1.7.2/snappy-java-1.1.7.2.jar:/root/.m2/repository/org/apache/avro/avro/1.8.2/avro-1.8.2.jar:/root/.m2/repository/org/codehaus/jackson/jackson-core-asl/1.9.13/jackson-core-asl-1.9.13.jar:/root/.m2/repository/org/codehaus/jackson/jackson-mapper-asl/1.9.13/jackson-mapper-asl-1.9.13.jar:/root/.m2/repository/com/thoughtworks/paranamer/paranamer/2.7/paranamer-2.7.jar:/root/.m2/repository/org/apache/commons/commons-compress/1.8.1/commons-compress-1.8.1.jar:/root/.m2/repository/org/tukaani/xz/1.5/xz-1.5.jar:/root/.m2/repository/org/apache/avro/avro-maven-plugin/1.8.2/avro-maven-plugin-1.8.2.jar:/root/.m2/repository/org/apache/maven/maven-plugin-api/2.0.10/maven-plugin-api-2.0.10.jar:/root/.m2/repository/org/apache/maven/maven-project/2.0.10/maven-project-2.0.10.jar:/root/.m2/repository/org/apache/maven/maven-settings/2.0.10/maven-settings-2.0.10.jar:/root/.m2/repository/org/apache/maven/maven-profile/2.0.10/maven-profile-2.0.10.jar:/root/.m2/repository/org/apache/maven/maven-model/2.0.10/maven-model-2.0.10.jar:/root/.m2/repository/org/apache/maven/maven-artifact-manager/2.0.10/maven-artifact-manager-2.0.10.jar:/root/.m2/repository/org/apache/maven/maven-repository-metadata/2.0.10/maven-repository-metadata-2.0.10.jar:/root/.m2/repository/org/apache/maven/wagon/wagon-provider-api/1.0-beta-2/wagon-provider-api-1.0-beta-2.jar:/root/.m2/repository/org/apache/maven/maven-plugin-registry/2.0.10/maven-plugin-registry-2.0.10.jar:/root/.m2/repository/org/codehaus/plexus/plexus-interpolation/1.1/plexus-interpolation-1.1.jar:/root/.m2/repository/org/codehaus/plexus/plexus-utils/1.5.5/plexus-utils-1.5.5.jar:/root/.m2/repository/org/apache/maven/maven-artifact/2.0.10/maven-artifact-2.0.10.jar:/root/.m2/repository/org/codehaus/plexus/plexus-container-default/1.0-alpha-9-stable-1/plexus-container-default-1.0-alpha-9-stable-1.jar:/root/.m2/repository/junit/junit/3.8.1/junit-3.8.1.jar:/root/.m2/repository/classworlds/classworlds/1.1-alpha-2/classworlds-1.1-alpha-2.jar:/root/.m2/repository/org/apache/maven/shared/file-management/1.2.1/file-management-1.2.1.jar:/root/.m2/repository/org/apache/maven/shared/maven-shared-io/1.1/maven-shared-io-1.1.jar:/root/.m2/repository/org/apache/avro/avro-compiler/1.8.2/avro-compiler-1.8.2.jar:/root/.m2/repository/commons-lang/commons-lang/2.6/commons-lang-2.6.jar:/root/.m2/repository/org/apache/velocity/velocity/1.7/velocity-1.7.jar:/root/.m2/repository/commons-collections/commons-collections/3.2.1/commons-collections-3.2.1.jar:/root/.m2/repository/joda-time/joda-time/2.7/joda-time-2.7.jar:/root/.m2/repository/io/confluent/kafka-avro-serializer/5.1.0/kafka-avro-serializer-5.1.0.jar:/root/.m2/repository/io/confluent/kafka-schema-registry-client/5.1.0/kafka-schema-registry-client-5.1.0.jar:/root/.m2/repository/com/fasterxml/jackson/core/jackson-databind/2.9.6/jackson-databind-2.9.6.jar:/root/.m2/repository/com/fasterxml/jackson/core/jackson-annotations/2.9.0/jackson-annotations-2.9.0.jar:/root/.m2/repository/com/fasterxml/jackson/core/jackson-core/2.9.6/jackson-core-2.9.6.jar:/root/.m2/repository/io/confluent/common-config/5.1.0/common-config-5.1.0.jar:/root/.m2/repository/io/confluent/common-utils/5.1.0/common-utils-5.1.0.jar:/root/.m2/repository/org/apache/zookeeper/zookeeper/3.4.13/zookeeper-3.4.13.jar:/root/.m2/repository/jline/jline/0.9.94/jline-0.9.94.jar:/root/.m2/repository/org/apache/yetus/audience-annotations/0.5.0/audience-annotations-0.5.0.jar:/root/.m2/repository/io/netty/netty/3.10.6.Final/netty-3.10.6.Final.jar:/root/.m2/repository/com/101tec/zkclient/0.10/zkclient-0.10.jar:/root/.m2/repository/org/junit/jupiter/junit-jupiter-engine/5.3.1/junit-jupiter-engine-5.3.1.jar:/root/.m2/repository/org/apiguardian/apiguardian-api/1.0.0/apiguardian-api-1.0.0.jar:/root/.m2/repository/org/junit/platform/junit-platform-engine/1.3.1/junit-platform-engine-1.3.1.jar:/root/.m2/repository/org/junit/platform/junit-platform-commons/1.3.1/junit-platform-commons-1.3.1.jar:/root/.m2/repository/org/opentest4j/opentest4j/1.1.1/opentest4j-1.1.1.jar:/root/.m2/repository/org/junit/jupiter/junit-jupiter-api/5.3.1/junit-jupiter-api-5.3.1.jar:/root/.m2/repository/org/junit/jupiter/junit-jupiter-params/5.3.1/junit-jupiter-params-5.3.1.jar:/root/.m2/repository/org/hamcrest/hamcrest-all/1.3/hamcrest-all-1.3.jar:"/>
    <property name="java.vm.vendor" value="Oracle Corporation"/>
    <property name="sun.arch.data.model" value="64"/>
    <property name="java.vendor.url" value="http://java.oracle.com/"/>
    <property name="user.timezone" value=""/>
    <property name="java.vm.specification.version" value="11"/>
    <property name="os.name" value="Linux"/>
    <property name="sun.java.launcher" value="SUN_STANDARD"/>
    <property name="sun.boot.library.path" value="/usr/lib/jvm/java-11-openjdk-amd64/lib"/>
    <property name="sun.java.command" value="/butterfly/consumer/target/surefire/surefirebooter4986425484934513240.jar /butterfly/consumer/target/surefire 2019-04-08T21-14-18_782-jvmRun1 surefire10122712149572448156tmp surefire_117759072548765738974tmp"/>
    <property name="jdk.debug" value="release"/>
    <property name="surefire.test.class.path" value="/butterfly/consumer/target/test-classes:/butterfly/consumer/target/classes:/butterfly/config/target/config-1.0-SNAPSHOT.jar:/butterfly/avro-schemas/target/avro-schemas-1.0-SNAPSHOT.jar:/butterfly/producer/target/producer-1.0-SNAPSHOT.jar:/root/.m2/repository/com/sparkjava/spark-core/2.7.2/spark-core-2.7.2.jar:/root/.m2/repository/org/eclipse/jetty/jetty-server/9.4.8.v20171121/jetty-server-9.4.8.v20171121.jar:/root/.m2/repository/javax/servlet/javax.servlet-api/3.1.0/javax.servlet-api-3.1.0.jar:/root/.m2/repository/org/eclipse/jetty/jetty-http/9.4.8.v20171121/jetty-http-9.4.8.v20171121.jar:/root/.m2/repository/org/eclipse/jetty/jetty-util/9.4.8.v20171121/jetty-util-9.4.8.v20171121.jar:/root/.m2/repository/org/eclipse/jetty/jetty-io/9.4.8.v20171121/jetty-io-9.4.8.v20171121.jar:/root/.m2/repository/org/eclipse/jetty/jetty-webapp/9.4.8.v20171121/jetty-webapp-9.4.8.v20171121.jar:/root/.m2/repository/org/eclipse/jetty/jetty-xml/9.4.8.v20171121/jetty-xml-9.4.8.v20171121.jar:/root/.m2/repository/org/eclipse/jetty/jetty-servlet/9.4.8.v20171121/jetty-servlet-9.4.8.v20171121.jar:/root/.m2/repository/org/eclipse/jetty/jetty-security/9.4.8.v20171121/jetty-security-9.4.8.v20171121.jar:/root/.m2/repository/org/eclipse/jetty/websocket/websocket-server/9.4.8.v20171121/websocket-server-9.4.8.v20171121.jar:/root/.m2/repository/org/eclipse/jetty/websocket/websocket-common/9.4.8.v20171121/websocket-common-9.4.8.v20171121.jar:/root/.m2/repository/org/eclipse/jetty/websocket/websocket-client/9.4.8.v20171121/websocket-client-9.4.8.v20171121.jar:/root/.m2/repository/org/eclipse/jetty/jetty-client/9.4.8.v20171121/jetty-client-9.4.8.v20171121.jar:/root/.m2/repository/org/eclipse/jetty/websocket/websocket-servlet/9.4.8.v20171121/websocket-servlet-9.4.8.v20171121.jar:/root/.m2/repository/org/eclipse/jetty/websocket/websocket-api/9.4.8.v20171121/websocket-api-9.4.8.v20171121.jar:/butterfly/controller/target/controller-1.0-SNAPSHOT.jar:/root/.m2/repository/org/slf4j/slf4j-api/1.7.25/slf4j-api-1.7.25.jar:/root/.m2/repository/org/slf4j/slf4j-jdk14/1.7.25/slf4j-jdk14-1.7.25.jar:/root/.m2/repository/org/apache/kafka/kafka-clients/2.1.0/kafka-clients-2.1.0.jar:/root/.m2/repository/com/github/luben/zstd-jni/1.3.5-4/zstd-jni-1.3.5-4.jar:/root/.m2/repository/org/lz4/lz4-java/1.5.0/lz4-java-1.5.0.jar:/root/.m2/repository/org/xerial/snappy/snappy-java/1.1.7.2/snappy-java-1.1.7.2.jar:/root/.m2/repository/org/apache/avro/avro/1.8.2/avro-1.8.2.jar:/root/.m2/repository/org/codehaus/jackson/jackson-core-asl/1.9.13/jackson-core-asl-1.9.13.jar:/root/.m2/repository/org/codehaus/jackson/jackson-mapper-asl/1.9.13/jackson-mapper-asl-1.9.13.jar:/root/.m2/repository/com/thoughtworks/paranamer/paranamer/2.7/paranamer-2.7.jar:/root/.m2/repository/org/apache/commons/commons-compress/1.8.1/commons-compress-1.8.1.jar:/root/.m2/repository/org/tukaani/xz/1.5/xz-1.5.jar:/root/.m2/repository/org/apache/avro/avro-maven-plugin/1.8.2/avro-maven-plugin-1.8.2.jar:/root/.m2/repository/org/apache/maven/maven-plugin-api/2.0.10/maven-plugin-api-2.0.10.jar:/root/.m2/repository/org/apache/maven/maven-project/2.0.10/maven-project-2.0.10.jar:/root/.m2/repository/org/apache/maven/maven-settings/2.0.10/maven-settings-2.0.10.jar:/root/.m2/repository/org/apache/maven/maven-profile/2.0.10/maven-profile-2.0.10.jar:/root/.m2/repository/org/apache/maven/maven-model/2.0.10/maven-model-2.0.10.jar:/root/.m2/repository/org/apache/maven/maven-artifact-manager/2.0.10/maven-artifact-manager-2.0.10.jar:/root/.m2/repository/org/apache/maven/maven-repository-metadata/2.0.10/maven-repository-metadata-2.0.10.jar:/root/.m2/repository/org/apache/maven/wagon/wagon-provider-api/1.0-beta-2/wagon-provider-api-1.0-beta-2.jar:/root/.m2/repository/org/apache/maven/maven-plugin-registry/2.0.10/maven-plugin-registry-2.0.10.jar:/root/.m2/repository/org/codehaus/plexus/plexus-interpolation/1.1/plexus-interpolation-1.1.jar:/root/.m2/repository/org/codehaus/plexus/plexus-utils/1.5.5/plexus-utils-1.5.5.jar:/root/.m2/repository/org/apache/maven/maven-artifact/2.0.10/maven-artifact-2.0.10.jar:/root/.m2/repository/org/codehaus/plexus/plexus-container-default/1.0-alpha-9-stable-1/plexus-container-default-1.0-alpha-9-stable-1.jar:/root/.m2/repository/junit/junit/3.8.1/junit-3.8.1.jar:/root/.m2/repository/classworlds/classworlds/1.1-alpha-2/classworlds-1.1-alpha-2.jar:/root/.m2/repository/org/apache/maven/shared/file-management/1.2.1/file-management-1.2.1.jar:/root/.m2/repository/org/apache/maven/shared/maven-shared-io/1.1/maven-shared-io-1.1.jar:/root/.m2/repository/org/apache/avro/avro-compiler/1.8.2/avro-compiler-1.8.2.jar:/root/.m2/repository/commons-lang/commons-lang/2.6/commons-lang-2.6.jar:/root/.m2/repository/org/apache/velocity/velocity/1.7/velocity-1.7.jar:/root/.m2/repository/commons-collections/commons-collections/3.2.1/commons-collections-3.2.1.jar:/root/.m2/repository/joda-time/joda-time/2.7/joda-time-2.7.jar:/root/.m2/repository/io/confluent/kafka-avro-serializer/5.1.0/kafka-avro-serializer-5.1.0.jar:/root/.m2/repository/io/confluent/kafka-schema-registry-client/5.1.0/kafka-schema-registry-client-5.1.0.jar:/root/.m2/repository/com/fasterxml/jackson/core/jackson-databind/2.9.6/jackson-databind-2.9.6.jar:/root/.m2/repository/com/fasterxml/jackson/core/jackson-annotations/2.9.0/jackson-annotations-2.9.0.jar:/root/.m2/repository/com/fasterxml/jackson/core/jackson-core/2.9.6/jackson-core-2.9.6.jar:/root/.m2/repository/io/confluent/common-config/5.1.0/common-config-5.1.0.jar:/root/.m2/repository/io/confluent/common-utils/5.1.0/common-utils-5.1.0.jar:/root/.m2/repository/org/apache/zookeeper/zookeeper/3.4.13/zookeeper-3.4.13.jar:/root/.m2/repository/jline/jline/0.9.94/jline-0.9.94.jar:/root/.m2/repository/org/apache/yetus/audience-annotations/0.5.0/audience-annotations-0.5.0.jar:/root/.m2/repository/io/netty/netty/3.10.6.Final/netty-3.10.6.Final.jar:/root/.m2/repository/com/101tec/zkclient/0.10/zkclient-0.10.jar:/root/.m2/repository/org/junit/jupiter/junit-jupiter-engine/5.3.1/junit-jupiter-engine-5.3.1.jar:/root/.m2/repository/org/apiguardian/apiguardian-api/1.0.0/apiguardian-api-1.0.0.jar:/root/.m2/repository/org/junit/platform/junit-platform-engine/1.3.1/junit-platform-engine-1.3.1.jar:/root/.m2/repository/org/junit/platform/junit-platform-commons/1.3.1/junit-platform-commons-1.3.1.jar:/root/.m2/repository/org/opentest4j/opentest4j/1.1.1/opentest4j-1.1.1.jar:/root/.m2/repository/org/junit/jupiter/junit-jupiter-api/5.3.1/junit-jupiter-api-5.3.1.jar:/root/.m2/repository/org/junit/jupiter/junit-jupiter-params/5.3.1/junit-jupiter-params-5.3.1.jar:/root/.m2/repository/org/hamcrest/hamcrest-all/1.3/hamcrest-all-1.3.jar:"/>
    <property name="sun.cpu.endian" value="little"/>
    <property name="user.home" value="/root"/>
    <property name="user.language" value="en"/>
    <property name="java.specification.vendor" value="Oracle Corporation"/>
    <property name="java.version.date" value="2019-01-15"/>
    <property name="java.home" value="/usr/lib/jvm/java-11-openjdk-amd64"/>
    <property name="file.separator" value="/"/>
    <property name="basedir" value="/butterfly/consumer"/>
    <property name="java.vm.compressedOopsMode" value="32-bit"/>
    <property name="line.separator" value="&#10;"/>
    <property name="java.specification.name" value="Java Platform API Specification"/>
    <property name="java.vm.specification.vendor" value="Oracle Corporation"/>
    <property name="java.awt.graphicsenv" value="sun.awt.X11GraphicsEnvironment"/>
    <property name="surefire.real.class.path" value="/butterfly/consumer/target/surefire/surefirebooter4986425484934513240.jar"/>
    <property name="sun.management.compiler" value="HotSpot 64-Bit Tiered Compilers"/>
    <property name="java.runtime.version" value="11.0.2+9-Debian-3bpo91"/>
    <property name="user.name" value="root"/>
    <property name="path.separator" value=":"/>
    <property name="os.version" value="4.15.0-45-generic"/>
    <property name="java.runtime.name" value="OpenJDK Runtime Environment"/>
    <property name="file.encoding" value="UTF-8"/>
    <property name="java.vm.name" value="OpenJDK 64-Bit Server VM"/>
    <property name="localRepository" value="/root/.m2/repository"/>
    <property name="java.vendor.url.bug" value="http://bugreport.java.com/bugreport/"/>
    <property name="java.io.tmpdir" value="/tmp"/>
    <property name="java.version" value="11.0.2"/>
    <property name="user.dir" value="/butterfly/consumer"/>
    <property name="os.arch" value="amd64"/>
    <property name="java.vm.specification.name" value="Java Virtual Machine Specification"/>
    <property name="java.awt.printerjob" value="sun.print.PSPrinterJob"/>
    <property name="sun.os.patch.level" value="unknown"/>
    <property name="java.library.path" value="/usr/java/packages/lib:/usr/lib/x86_64-linux-gnu/jni:/lib/x86_64-linux-gnu:/usr/lib/x86_64-linux-gnu:/usr/lib/jni:/lib:/usr/lib"/>
    <property name="java.vendor" value="Oracle Corporation"/>
    <property name="java.vm.info" value="mixed mode, sharing"/>
    <property name="java.vm.version" value="11.0.2+9-Debian-3bpo91"/>
    <property name="sun.io.unicode.encoding" value="UnicodeLittle"/>
    <property name="java.class.version" value="55.0"/>
  </properties>
  <testcase name="shouldValidateEmailFormatString" classname="it.unipd.dstack.butterfly.consumer.utils.EmailValidatorTest" time="0.007"/>
</testsuite>